<?xml version="1.0" encoding="UTF-8"?>
<testsuite xmlns:xsi="http://www.w3.org/2001/XMLSchema-instance" xsi:noNamespaceSchemaLocation="https://maven.apache.org/surefire/maven-surefire-plugin/xsd/surefire-test-report-3.0.xsd" version="3.0" name="com.example.MyProcedureTest" time="0.04" tests="1" errors="0" skipped="0" failures="1">
  <properties>
    <property name="java.specification.version" value="23"/>
    <property name="sun.jnu.encoding" value="UTF-8"/>
    <property name="java.class.path" value="/home/michal/magister/neo4j-custom-procedure/target/test-classes:/home/michal/magister/neo4j-custom-procedure/target/classes:/home/michal/.m2/repository/junit/junit/3.8.1/junit-3.8.1.jar:/home/michal/.m2/repository/org/neo4j/neo4j/5.26.4/neo4j-5.26.4.jar:/home/michal/.m2/repository/org/neo4j/annotations/5.26.4/annotations-5.26.4.jar:/home/michal/.m2/repository/org/eclipse/collections/eclipse-collections/11.1.0/eclipse-collections-11.1.0.jar:/home/michal/.m2/repository/org/eclipse/collections/eclipse-collections-api/11.1.0/eclipse-collections-api-11.1.0.jar:/home/michal/.m2/repository/org/apache/commons/commons-lang3/3.17.0/commons-lang3-3.17.0.jar:/home/michal/.m2/repository/org/neo4j/neo4j-kernel/5.26.4/neo4j-kernel-5.26.4.jar:/home/michal/.m2/repository/org/neo4j/neo4j-native/5.26.4/neo4j-native-5.26.4.jar:/home/michal/.m2/repository/net/java/dev/jna/jna/5.15.0/jna-5.15.0.jar:/home/michal/.m2/repository/org/neo4j/neo4j-graphdb-api/5.26.4/neo4j-graphdb-api-5.26.4.jar:/home/michal/.m2/repository/org/neo4j/neo4j-import-api/5.26.4/neo4j-import-api-5.26.4.jar:/home/michal/.m2/repository/org/neo4j/neo4j-token-api/5.26.4/neo4j-token-api-5.26.4.jar:/home/michal/.m2/repository/org/neo4j/neo4j-kernel-api/5.26.4/neo4j-kernel-api-5.26.4.jar:/home/michal/.m2/repository/org/neo4j/neo4j-monitoring/5.26.4/neo4j-monitoring-5.26.4.jar:/home/michal/.m2/repository/org/neo4j/neo4j-diagnostics/5.26.4/neo4j-diagnostics-5.26.4.jar:/home/michal/.m2/repository/org/neo4j/neo4j-storage-engine-util/5.26.4/neo4j-storage-engine-util-5.26.4.jar:/home/michal/.m2/repository/org/neo4j/neo4j-common/5.26.4/neo4j-common-5.26.4.jar:/home/michal/.m2/repository/org/neo4j/neo4j-gql-status/5.26.4/neo4j-gql-status-5.26.4.jar:/home/michal/.m2/repository/org/neo4j/neo4j-values/5.26.4/neo4j-values-5.26.4.jar:/home/michal/.m2/repository/org/neo4j/neo4j-unsafe/5.26.4/neo4j-unsafe-5.26.4.jar:/home/michal/.m2/repository/org/neo4j/neo4j-collections/5.26.4/neo4j-collections-5.26.4.jar:/home/michal/.m2/repository/com/github/ben-manes/caffeine/caffeine/3.1.8/caffeine-3.1.8.jar:/home/michal/.m2/repository/org/neo4j/neo4j-io/5.26.4/neo4j-io-5.26.4.jar:/home/michal/.m2/repository/org/neo4j/neo4j-concurrent/5.26.4/neo4j-concurrent-5.26.4.jar:/home/michal/.m2/repository/org/neo4j/neo4j-logging/5.26.4/neo4j-logging-5.26.4.jar:/home/michal/.m2/repository/org/codehaus/jettison/jettison/1.5.4/jettison-1.5.4.jar:/home/michal/.m2/repository/org/apache/logging/log4j/log4j-core/2.20.0/log4j-core-2.20.0.jar:/home/michal/.m2/repository/org/apache/logging/log4j/log4j-layout-template-json/2.20.0/log4j-layout-template-json-2.20.0.jar:/home/michal/.m2/repository/org/neo4j/neo4j-configuration/5.26.4/neo4j-configuration-5.26.4.jar:/home/michal/.m2/repository/com/github/seancfoley/ipaddress/5.5.1/ipaddress-5.5.1.jar:/home/michal/.m2/repository/org/neo4j/neo4j-layout/5.26.4/neo4j-layout-5.26.4.jar:/home/michal/.m2/repository/org/neo4j/neo4j-index/5.26.4/neo4j-index-5.26.4.jar:/home/michal/.m2/repository/org/neo4j/neo4j-spatial-index/5.26.4/neo4j-spatial-index-5.26.4.jar:/home/michal/.m2/repository/org/neo4j/neo4j-id-generator/5.26.4/neo4j-id-generator-5.26.4.jar:/home/michal/.m2/repository/org/neo4j/neo4j-wal/5.26.4/neo4j-wal-5.26.4.jar:/home/michal/.m2/repository/org/neo4j/neo4j-import-util/5.26.4/neo4j-import-util-5.26.4.jar:/home/michal/.m2/repository/org/neo4j/neo4j-csv/5.26.4/neo4j-csv-5.26.4.jar:/home/michal/.m2/repository/blue/strategic/parquet/parquet-floor/1.47/parquet-floor-1.47.jar:/home/michal/.m2/repository/org/apache/parquet/parquet-column/1.14.3/parquet-column-1.14.3.jar:/home/michal/.m2/repository/org/apache/parquet/parquet-common/1.14.3/parquet-common-1.14.3.jar:/home/michal/.m2/repository/org/apache/parquet/parquet-encoding/1.14.3/parquet-encoding-1.14.3.jar:/home/michal/.m2/repository/org/apache/parquet/parquet-hadoop/1.14.3/parquet-hadoop-1.14.3.jar:/home/michal/.m2/repository/org/apache/parquet/parquet-format-structures/1.14.3/parquet-format-structures-1.14.3.jar:/home/michal/.m2/repository/javax/annotation/javax.annotation-api/1.3.2/javax.annotation-api-1.3.2.jar:/home/michal/.m2/repository/org/apache/parquet/parquet-jackson/1.14.3/parquet-jackson-1.14.3.jar:/home/michal/.m2/repository/com/fasterxml/jackson/datatype/jackson-datatype-jdk8/2.17.0/jackson-datatype-jdk8-2.17.0.jar:/home/michal/.m2/repository/org/xerial/snappy/snappy-java/1.1.10.5/snappy-java-1.1.10.5.jar:/home/michal/.m2/repository/io/airlift/aircompressor/0.27/aircompressor-0.27.jar:/home/michal/.m2/repository/org/neo4j/neo4j-cloud/5.26.4/neo4j-cloud-5.26.4.jar:/home/michal/.m2/repository/org/jctools/jctools-core/4.0.5/jctools-core-4.0.5.jar:/home/michal/.m2/repository/org/neo4j/neo4j-fabric/5.26.4/neo4j-fabric-5.26.4.jar:/home/michal/.m2/repository/io/projectreactor/reactor-core/3.6.10/reactor-core-3.6.10.jar:/home/michal/.m2/repository/org/neo4j/neo4j-front-end/5.26.4/neo4j-front-end-5.26.4.jar:/home/michal/.m2/repository/org/neo4j/neo4j-expressions/5.26.4/neo4j-expressions-5.26.4.jar:/home/michal/.m2/repository/org/neo4j/neo4j-notifications/5.26.4/neo4j-notifications-5.26.4.jar:/home/michal/.m2/repository/org/neo4j/cypher-parser-factory/5.26.4/cypher-parser-factory-5.26.4.jar:/home/michal/.m2/repository/org/neo4j/cypher-v5-ast-factory/5.26.4/cypher-v5-ast-factory-5.26.4.jar:/home/michal/.m2/repository/org/neo4j/cypher-v5-antlr-parser/5.26.4/cypher-v5-antlr-parser-5.26.4.jar:/home/michal/.m2/repository/org/antlr/antlr4-runtime/4.13.2/antlr4-runtime-4.13.2.jar:/home/michal/.m2/repository/org/neo4j/cypher-antlr-common/5.26.4/cypher-antlr-common-5.26.4.jar:/home/michal/.m2/repository/org/neo4j/cypher-v5-parser-listener/5.26.4/cypher-v5-parser-listener-5.26.4.jar:/home/michal/.m2/repository/org/neo4j/cypher-parser-common/5.26.4/cypher-parser-common-5.26.4.jar:/home/michal/.m2/repository/org/neo4j/cypher-antlr-ast-common/5.26.4/cypher-antlr-ast-common-5.26.4.jar:/home/michal/.m2/repository/org/neo4j/cypher-parser-ast-common/5.26.4/cypher-parser-ast-common-5.26.4.jar:/home/michal/.m2/repository/org/neo4j/cypher-v25-ast-factory/5.26.4/cypher-v25-ast-factory-5.26.4.jar:/home/michal/.m2/repository/org/neo4j/cypher-v25-antlr-parser/5.26.4/cypher-v25-antlr-parser-5.26.4.jar:/home/michal/.m2/repository/org/neo4j/cypher-v25-parser-listener/5.26.4/cypher-v25-parser-listener-5.26.4.jar:/home/michal/.m2/repository/org/neo4j/neo4j-cypher-macros/5.26.4/neo4j-cypher-macros-5.26.4.jar:/home/michal/.m2/repository/org/scala-lang/scala-reflect/2.13.11/scala-reflect-2.13.11.jar:/home/michal/.m2/repository/org/neo4j/neo4j-query-router/5.26.4/neo4j-query-router-5.26.4.jar:/home/michal/.m2/repository/org/neo4j/neo4j-procedure/5.26.4/neo4j-procedure-5.26.4.jar:/home/michal/.m2/repository/org/neo4j/neo4j-procedure-api/5.26.4/neo4j-procedure-api-5.26.4.jar:/home/michal/.m2/repository/org/neo4j/neo4j-codegen/5.26.4/neo4j-codegen-5.26.4.jar:/home/michal/.m2/repository/org/ow2/asm/asm/9.7.1/asm-9.7.1.jar:/home/michal/.m2/repository/org/ow2/asm/asm-util/9.7.1/asm-util-9.7.1.jar:/home/michal/.m2/repository/org/ow2/asm/asm-analysis/9.7.1/asm-analysis-9.7.1.jar:/home/michal/.m2/repository/org/ow2/asm/asm-tree/9.7.1/asm-tree-9.7.1.jar:/home/michal/.m2/repository/org/neo4j/neo4j-cypher-expression-evaluator/5.26.4/neo4j-cypher-expression-evaluator-5.26.4.jar:/home/michal/.m2/repository/org/neo4j/neo4j-ast/5.26.4/neo4j-ast-5.26.4.jar:/home/michal/.m2/repository/com/fasterxml/jackson/core/jackson-databind/2.18.0/jackson-databind-2.18.0.jar:/home/michal/.m2/repository/com/fasterxml/jackson/core/jackson-annotations/2.18.0/jackson-annotations-2.18.0.jar:/home/michal/.m2/repository/org/neo4j/neo4j-lucene-index/5.26.4/neo4j-lucene-index-5.26.4.jar:/home/michal/.m2/repository/org/neo4j/neo4j-resource/5.26.4/neo4j-resource-5.26.4.jar:/home/michal/.m2/repository/org/apache/lucene/lucene-analysis-common/9.11.1/lucene-analysis-common-9.11.1.jar:/home/michal/.m2/repository/org/apache/lucene/lucene-core/9.11.1/lucene-core-9.11.1.jar:/home/michal/.m2/repository/org/apache/lucene/lucene-queryparser/9.11.1/lucene-queryparser-9.11.1.jar:/home/michal/.m2/repository/org/apache/lucene/lucene-backward-codecs/9.11.1/lucene-backward-codecs-9.11.1.jar:/home/michal/.m2/repository/org/neo4j/neo4j-fulltext-index/5.26.4/neo4j-fulltext-index-5.26.4.jar:/home/michal/.m2/repository/org/neo4j/neo4j-graph-algo/5.26.4/neo4j-graph-algo-5.26.4.jar:/home/michal/.m2/repository/org/neo4j/neo4j-cypher-runtime-util/5.26.4/neo4j-cypher-runtime-util-5.26.4.jar:/home/michal/.m2/repository/org/neo4j/neo4j-cypher-logical-plans/5.26.4/neo4j-cypher-logical-plans-5.26.4.jar:/home/michal/.m2/repository/org/neo4j/neo4j-data-collector/5.26.4/neo4j-data-collector-5.26.4.jar:/home/michal/.m2/repository/org/neo4j/neo4j-rewriting/5.26.4/neo4j-rewriting-5.26.4.jar:/home/michal/.m2/repository/org/neo4j/neo4j-cypher/5.26.4/neo4j-cypher-5.26.4.jar:/home/michal/.m2/repository/org/scala-lang/scala-library/2.13.11/scala-library-2.13.11.jar:/home/michal/.m2/repository/org/neo4j/neo4j-cypher-physical-planning/5.26.4/neo4j-cypher-physical-planning-5.26.4.jar:/home/michal/.m2/repository/org/neo4j/neo4j-exceptions/5.26.4/neo4j-exceptions-5.26.4.jar:/home/michal/.m2/repository/org/neo4j/neo4j-util/5.26.4/neo4j-util-5.26.4.jar:/home/michal/.m2/repository/org/neo4j/neo4j-cypher-ast-factory/5.26.4/neo4j-cypher-ast-factory-5.26.4.jar:/home/michal/.m2/repository/org/neo4j/neo4j-cypher-javacc-parser/5.26.4/neo4j-cypher-javacc-parser-5.26.4.jar:/home/michal/.m2/repository/org/neo4j/cypher-ast-factory/5.26.4/cypher-ast-factory-5.26.4.jar:/home/michal/.m2/repository/org/neo4j/neo4j-cypher-config/5.26.4/neo4j-cypher-config-5.26.4.jar:/home/michal/.m2/repository/com/softwaremill/magnolia1_2/magnolia_2.13/1.1.8/magnolia_2.13-1.1.8.jar:/home/michal/.m2/repository/org/neo4j/neo4j-cypher-cache/5.26.4/neo4j-cypher-cache-5.26.4.jar:/home/michal/.m2/repository/org/neo4j/neo4j-cypher-planner/5.26.4/neo4j-cypher-planner-5.26.4.jar:/home/michal/.m2/repository/org/scala-lang/modules/scala-collection-contrib_2.13/0.3.0/scala-collection-contrib_2.13-0.3.0.jar:/home/michal/.m2/repository/org/neo4j/neo4j-cypher-ir/5.26.4/neo4j-cypher-ir-5.26.4.jar:/home/michal/.m2/repository/org/neo4j/neo4j-cypher-rendering/5.26.4/neo4j-cypher-rendering-5.26.4.jar:/home/michal/.m2/repository/org/neo4j/neo4j-cypher-planner-spi/5.26.4/neo4j-cypher-planner-spi-5.26.4.jar:/home/michal/.m2/repository/org/neo4j/neo4j-cypher-interpreted-runtime/5.26.4/neo4j-cypher-interpreted-runtime-5.26.4.jar:/home/michal/.m2/repository/org/neo4j/neo4j-cypher-slotted-runtime/5.26.4/neo4j-cypher-slotted-runtime-5.26.4.jar:/home/michal/.m2/repository/org/apache/shiro/shiro-core/2.0.1/shiro-core-2.0.1.jar:/home/michal/.m2/repository/org/apache/shiro/shiro-lang/2.0.1/shiro-lang-2.0.1.jar:/home/michal/.m2/repository/org/apache/shiro/shiro-cache/2.0.1/shiro-cache-2.0.1.jar:/home/michal/.m2/repository/org/apache/shiro/shiro-crypto-hash/2.0.1/shiro-crypto-hash-2.0.1.jar:/home/michal/.m2/repository/org/apache/shiro/shiro-crypto-core/2.0.1/shiro-crypto-core-2.0.1.jar:/home/michal/.m2/repository/org/apache/shiro/crypto/shiro-hashes-argon2/2.0.1/shiro-hashes-argon2-2.0.1.jar:/home/michal/.m2/repository/org/apache/shiro/crypto/shiro-hashes-bcrypt/2.0.1/shiro-hashes-bcrypt-2.0.1.jar:/home/michal/.m2/repository/org/apache/shiro/shiro-crypto-cipher/2.0.1/shiro-crypto-cipher-2.0.1.jar:/home/michal/.m2/repository/org/apache/shiro/shiro-config-core/2.0.1/shiro-config-core-2.0.1.jar:/home/michal/.m2/repository/org/apache/shiro/shiro-event/2.0.1/shiro-event-2.0.1.jar:/home/michal/.m2/repository/commons-codec/commons-codec/1.17.1/commons-codec-1.17.1.jar:/home/michal/.m2/repository/org/bitbucket/inkytonik/kiama/kiama_2.13/2.5.1/kiama_2.13-2.5.1.jar:/home/michal/.m2/repository/org/neo4j/neo4j-security/5.26.4/neo4j-security-5.26.4.jar:/home/michal/.m2/repository/org/neo4j/neo4j-command-line/5.26.4/neo4j-command-line-5.26.4.jar:/home/michal/.m2/repository/info/picocli/picocli/4.7.6/picocli-4.7.6.jar:/home/michal/.m2/repository/org/neo4j/neo4j-bolt/5.26.4/neo4j-bolt-5.26.4.jar:/home/michal/.m2/repository/org/neo4j/neo4j-ssl/5.26.4/neo4j-ssl-5.26.4.jar:/home/michal/.m2/repository/org/neo4j/server-api/5.26.4/server-api-5.26.4.jar:/home/michal/.m2/repository/jakarta/ws/rs/jakarta.ws.rs-api/2.1.6/jakarta.ws.rs-api-2.1.6.jar:/home/michal/.m2/repository/io/netty/netty-codec-http/4.1.118.Final/netty-codec-http-4.1.118.Final.jar:/home/michal/.m2/repository/io/netty/netty-common/4.1.118.Final/netty-common-4.1.118.Final.jar:/home/michal/.m2/repository/io/netty/netty-buffer/4.1.118.Final/netty-buffer-4.1.118.Final.jar:/home/michal/.m2/repository/io/netty/netty-transport/4.1.118.Final/netty-transport-4.1.118.Final.jar:/home/michal/.m2/repository/io/netty/netty-codec/4.1.118.Final/netty-codec-4.1.118.Final.jar:/home/michal/.m2/repository/io/netty/netty-transport-native-epoll/4.1.118.Final/netty-transport-native-epoll-4.1.118.Final-linux-x86_64.jar:/home/michal/.m2/repository/io/netty/netty-transport-native-unix-common/4.1.118.Final/netty-transport-native-unix-common-4.1.118.Final.jar:/home/michal/.m2/repository/io/netty/netty-transport-classes-epoll/4.1.118.Final/netty-transport-classes-epoll-4.1.118.Final.jar:/home/michal/.m2/repository/io/netty/netty-transport-native-epoll/4.1.118.Final/netty-transport-native-epoll-4.1.118.Final-linux-aarch_64.jar:/home/michal/.m2/repository/io/netty/netty-transport-native-kqueue/4.1.118.Final/netty-transport-native-kqueue-4.1.118.Final-osx-x86_64.jar:/home/michal/.m2/repository/io/netty/netty-transport-classes-kqueue/4.1.118.Final/netty-transport-classes-kqueue-4.1.118.Final.jar:/home/michal/.m2/repository/io/netty/netty-transport-native-kqueue/4.1.118.Final/netty-transport-native-kqueue-4.1.118.Final-osx-aarch_64.jar:/home/michal/.m2/repository/org/neo4j/neo4j-consistency-check/5.26.4/neo4j-consistency-check-5.26.4.jar:/home/michal/.m2/repository/org/neo4j/neo4j-record-storage-engine/5.26.4/neo4j-record-storage-engine-5.26.4.jar:/home/michal/.m2/repository/commons-io/commons-io/2.17.0/commons-io-2.17.0.jar:/home/michal/.m2/repository/org/neo4j/neo4j-dbms/5.26.4/neo4j-dbms-5.26.4.jar:/home/michal/.m2/repository/org/jprocesses/jProcesses/1.6.5/jProcesses-1.6.5.jar:/home/michal/.m2/repository/com/profesorfalken/WMI4Java/1.6.3/WMI4Java-1.6.3.jar:/home/michal/.m2/repository/com/profesorfalken/jPowerShell/3.0/jPowerShell-3.0.jar:/home/michal/.m2/repository/org/apache/commons/commons-compress/1.27.1/commons-compress-1.27.1.jar:/home/michal/.m2/repository/org/apache/commons/commons-text/1.12.0/commons-text-1.12.0.jar:/home/michal/.m2/repository/org/apache/commons/commons-configuration2/2.11.0/commons-configuration2-2.11.0.jar:/home/michal/.m2/repository/commons-logging/commons-logging/1.3.2/commons-logging-1.3.2.jar:/home/michal/.m2/repository/org/neo4j/licensing-proxy/zstd-proxy/5.26.4/zstd-proxy-5.26.4.jar:/home/michal/.m2/repository/com/github/luben/zstd-jni/1.5.6-6/zstd-jni-1.5.6-6.jar:/home/michal/.m2/repository/org/neo4j/neo4j-import-tool/5.26.4/neo4j-import-tool-5.26.4.jar:/home/michal/.m2/repository/org/neo4j/neo4j-schema/5.26.4/neo4j-schema-5.26.4.jar:/home/michal/.m2/repository/org/neo4j/neo4j-lock/5.26.4/neo4j-lock-5.26.4.jar:/home/michal/.m2/repository/org/neo4j/app/neo4j-server/5.26.4/neo4j-server-5.26.4.jar:/home/michal/.m2/repository/org/eclipse/jetty/jetty-server/12.0.16/jetty-server-12.0.16.jar:/home/michal/.m2/repository/org/eclipse/jetty/jetty-http/12.0.16/jetty-http-12.0.16.jar:/home/michal/.m2/repository/org/eclipse/jetty/jetty-util/12.0.16/jetty-util-12.0.16.jar:/home/michal/.m2/repository/org/eclipse/jetty/jetty-io/12.0.16/jetty-io-12.0.16.jar:/home/michal/.m2/repository/org/eclipse/jetty/http2/jetty-http2-server/12.0.16/jetty-http2-server-12.0.16.jar:/home/michal/.m2/repository/org/eclipse/jetty/http2/jetty-http2-common/12.0.16/jetty-http2-common-12.0.16.jar:/home/michal/.m2/repository/org/eclipse/jetty/http2/jetty-http2-hpack/12.0.16/jetty-http2-hpack-12.0.16.jar:/home/michal/.m2/repository/org/eclipse/jetty/jetty-alpn-server/12.0.16/jetty-alpn-server-12.0.16.jar:/home/michal/.m2/repository/org/eclipse/jetty/jetty-alpn-java-server/12.0.16/jetty-alpn-java-server-12.0.16.jar:/home/michal/.m2/repository/org/eclipse/jetty/ee8/jetty-ee8-webapp/12.0.16/jetty-ee8-webapp-12.0.16.jar:/home/michal/.m2/repository/org/eclipse/jetty/jetty-ee/12.0.16/jetty-ee-12.0.16.jar:/home/michal/.m2/repository/org/eclipse/jetty/jetty-xml/12.0.16/jetty-xml-12.0.16.jar:/home/michal/.m2/repository/org/eclipse/jetty/ee8/jetty-ee8-servlet/12.0.16/jetty-ee8-servlet-12.0.16.jar:/home/michal/.m2/repository/org/eclipse/jetty/ee8/jetty-ee8-nested/12.0.16/jetty-ee8-nested-12.0.16.jar:/home/michal/.m2/repository/org/eclipse/jetty/jetty-security/12.0.16/jetty-security-12.0.16.jar:/home/michal/.m2/repository/org/eclipse/jetty/jetty-session/12.0.16/jetty-session-12.0.16.jar:/home/michal/.m2/repository/org/eclipse/jetty/toolchain/jetty-servlet-api/4.0.6/jetty-servlet-api-4.0.6.jar:/home/michal/.m2/repository/org/eclipse/jetty/ee8/jetty-ee8-security/12.0.16/jetty-ee8-security-12.0.16.jar:/home/michal/.m2/repository/org/glassfish/jersey/inject/jersey-hk2/2.43/jersey-hk2-2.43.jar:/home/michal/.m2/repository/org/glassfish/jersey/core/jersey-common/2.43/jersey-common-2.43.jar:/home/michal/.m2/repository/jakarta/annotation/jakarta.annotation-api/1.3.5/jakarta.annotation-api-1.3.5.jar:/home/michal/.m2/repository/org/glassfish/hk2/external/jakarta.inject/2.6.1/jakarta.inject-2.6.1.jar:/home/michal/.m2/repository/org/glassfish/hk2/hk2-locator/2.6.1/hk2-locator-2.6.1.jar:/home/michal/.m2/repository/org/glassfish/hk2/hk2-api/2.6.1/hk2-api-2.6.1.jar:/home/michal/.m2/repository/org/glassfish/hk2/hk2-utils/2.6.1/hk2-utils-2.6.1.jar:/home/michal/.m2/repository/org/javassist/javassist/3.30.2-GA/javassist-3.30.2-GA.jar:/home/michal/.m2/repository/org/glassfish/jersey/containers/jersey-container-servlet/2.43/jersey-container-servlet-2.43.jar:/home/michal/.m2/repository/org/glassfish/jersey/containers/jersey-container-servlet-core/2.43/jersey-container-servlet-core-2.43.jar:/home/michal/.m2/repository/org/glassfish/jersey/core/jersey-server/2.43/jersey-server-2.43.jar:/home/michal/.m2/repository/org/glassfish/jersey/core/jersey-client/2.43/jersey-client-2.43.jar:/home/michal/.m2/repository/jakarta/validation/jakarta.validation-api/2.0.2/jakarta.validation-api-2.0.2.jar:/home/michal/.m2/repository/com/fasterxml/jackson/core/jackson-core/2.18.0/jackson-core-2.18.0.jar:/home/michal/.m2/repository/com/fasterxml/jackson/jaxrs/jackson-jaxrs-json-provider/2.18.0/jackson-jaxrs-json-provider-2.18.0.jar:/home/michal/.m2/repository/com/fasterxml/jackson/jaxrs/jackson-jaxrs-base/2.18.0/jackson-jaxrs-base-2.18.0.jar:/home/michal/.m2/repository/com/fasterxml/jackson/module/jackson-module-jaxb-annotations/2.18.0/jackson-module-jaxb-annotations-2.18.0.jar:/home/michal/.m2/repository/javax/xml/bind/jaxb-api/2.2.12/jaxb-api-2.2.12.jar:/home/michal/.m2/repository/org/glassfish/jaxb/jaxb-runtime/2.3.2/jaxb-runtime-2.3.2.jar:/home/michal/.m2/repository/org/glassfish/jaxb/txw2/2.3.2/txw2-2.3.2.jar:/home/michal/.m2/repository/com/sun/istack/istack-commons-runtime/3.0.8/istack-commons-runtime-3.0.8.jar:/home/michal/.m2/repository/org/jvnet/staxex/stax-ex/1.8.1/stax-ex-1.8.1.jar:/home/michal/.m2/repository/com/sun/xml/fastinfoset/FastInfoset/1.2.16/FastInfoset-1.2.16.jar:/home/michal/.m2/repository/jakarta/activation/jakarta.activation-api/1.2.1/jakarta.activation-api-1.2.1.jar:/home/michal/.m2/repository/jakarta/xml/bind/jakarta.xml.bind-api/2.3.2/jakarta.xml.bind-api-2.3.2.jar:/home/michal/.m2/repository/org/apache/arrow/flight-core/17.0.0/flight-core-17.0.0.jar:/home/michal/.m2/repository/org/apache/arrow/arrow-format/17.0.0/arrow-format-17.0.0.jar:/home/michal/.m2/repository/com/google/flatbuffers/flatbuffers-java/24.3.25/flatbuffers-java-24.3.25.jar:/home/michal/.m2/repository/org/apache/arrow/arrow-vector/17.0.0/arrow-vector-17.0.0.jar:/home/michal/.m2/repository/com/fasterxml/jackson/datatype/jackson-datatype-jsr310/2.17.1/jackson-datatype-jsr310-2.17.1.jar:/home/michal/.m2/repository/org/apache/arrow/arrow-memory-core/17.0.0/arrow-memory-core-17.0.0.jar:/home/michal/.m2/repository/org/apache/arrow/arrow-memory-netty/17.0.0/arrow-memory-netty-17.0.0.jar:/home/michal/.m2/repository/org/apache/arrow/arrow-memory-netty-buffer-patch/17.0.0/arrow-memory-netty-buffer-patch-17.0.0.jar:/home/michal/.m2/repository/com/google/guava/guava/33.2.1-jre/guava-33.2.1-jre.jar:/home/michal/.m2/repository/com/google/guava/failureaccess/1.0.2/failureaccess-1.0.2.jar:/home/michal/.m2/repository/com/google/guava/listenablefuture/9999.0-empty-to-avoid-conflict-with-guava/listenablefuture-9999.0-empty-to-avoid-conflict-with-guava.jar:/home/michal/.m2/repository/com/google/protobuf/protobuf-java/3.25.1/protobuf-java-3.25.1.jar:/home/michal/.m2/repository/com/google/protobuf/protobuf-java-util/3.25.1/protobuf-java-util-3.25.1.jar:/home/michal/.m2/repository/io/grpc/grpc-api/1.68.0/grpc-api-1.68.0.jar:/home/michal/.m2/repository/com/google/code/findbugs/jsr305/3.0.2/jsr305-3.0.2.jar:/home/michal/.m2/repository/io/grpc/grpc-context/1.68.0/grpc-context-1.68.0.jar:/home/michal/.m2/repository/io/grpc/grpc-core/1.68.0/grpc-core-1.68.0.jar:/home/michal/.m2/repository/com/google/code/gson/gson/2.11.0/gson-2.11.0.jar:/home/michal/.m2/repository/io/perfmark/perfmark-api/0.27.0/perfmark-api-0.27.0.jar:/home/michal/.m2/repository/io/grpc/grpc-netty/1.68.0/grpc-netty-1.68.0.jar:/home/michal/.m2/repository/io/netty/netty-handler-proxy/4.1.110.Final/netty-handler-proxy-4.1.110.Final.jar:/home/michal/.m2/repository/io/netty/netty-codec-socks/4.1.110.Final/netty-codec-socks-4.1.110.Final.jar:/home/michal/.m2/repository/io/grpc/grpc-util/1.68.0/grpc-util-1.68.0.jar:/home/michal/.m2/repository/org/codehaus/mojo/animal-sniffer-annotations/1.24/animal-sniffer-annotations-1.24.jar:/home/michal/.m2/repository/io/grpc/grpc-protobuf/1.68.0/grpc-protobuf-1.68.0.jar:/home/michal/.m2/repository/com/google/api/grpc/proto-google-common-protos/2.41.0/proto-google-common-protos-2.41.0.jar:/home/michal/.m2/repository/io/grpc/grpc-protobuf-lite/1.68.0/grpc-protobuf-lite-1.68.0.jar:/home/michal/.m2/repository/io/grpc/grpc-stub/1.68.0/grpc-stub-1.68.0.jar:/home/michal/.m2/repository/io/netty/netty-codec-http2/4.1.118.Final/netty-codec-http2-4.1.118.Final.jar:/home/michal/.m2/repository/org/neo4j/neo4j-capabilities/5.26.4/neo4j-capabilities-5.26.4.jar:/home/michal/.m2/repository/org/neo4j/neo4j-slf4j-provider/5.26.4/neo4j-slf4j-provider-5.26.4.jar:/home/michal/.m2/repository/org/slf4j/slf4j-api/2.0.9/slf4j-api-2.0.9.jar:/home/michal/.m2/repository/org/apache/logging/log4j/log4j-api/2.20.0/log4j-api-2.20.0.jar:/home/michal/.m2/repository/org/neo4j/neo4j-udc/5.26.4/neo4j-udc-5.26.4.jar:/home/michal/.m2/repository/org/neo4j/driver/neo4j-java-driver/5.26.0/neo4j-java-driver-5.26.0.jar:/home/michal/.m2/repository/org/reactivestreams/reactive-streams/1.0.4/reactive-streams-1.0.4.jar:/home/michal/.m2/repository/io/netty/netty-handler/4.1.114.Final/netty-handler-4.1.114.Final.jar:/home/michal/.m2/repository/io/netty/netty-resolver/4.1.114.Final/netty-resolver-4.1.114.Final.jar:/home/michal/.m2/repository/io/netty/netty-tcnative-classes/2.0.66.Final/netty-tcnative-classes-2.0.66.Final.jar:"/>
    <property name="java.vm.vendor" value="Homebrew"/>
    <property name="sun.arch.data.model" value="64"/>
    <property name="java.vendor.url" value="https://github.com/Homebrew/homebrew-core/issues"/>
    <property name="os.name" value="Linux"/>
    <property name="java.vm.specification.version" value="23"/>
    <property name="sun.java.launcher" value="SUN_STANDARD"/>
    <property name="user.country" value="US"/>
    <property name="sun.boot.library.path" value="/home/linuxbrew/.linuxbrew/Cellar/openjdk/23.0.2/libexec/lib"/>
    <property name="sun.java.command" value="/home/michal/magister/neo4j-custom-procedure/target/surefire/surefirebooter-20250404224831069_3.jar /home/michal/magister/neo4j-custom-procedure/target/surefire 2025-04-04T22-48-31_007-jvmRun1 surefire-20250404224831069_1tmp surefire_0-20250404224831069_2tmp"/>
    <property name="jdk.debug" value="release"/>
    <property name="surefire.test.class.path" value="/home/michal/magister/neo4j-custom-procedure/target/test-classes:/home/michal/magister/neo4j-custom-procedure/target/classes:/home/michal/.m2/repository/junit/junit/3.8.1/junit-3.8.1.jar:/home/michal/.m2/repository/org/neo4j/neo4j/5.26.4/neo4j-5.26.4.jar:/home/michal/.m2/repository/org/neo4j/annotations/5.26.4/annotations-5.26.4.jar:/home/michal/.m2/repository/org/eclipse/collections/eclipse-collections/11.1.0/eclipse-collections-11.1.0.jar:/home/michal/.m2/repository/org/eclipse/collections/eclipse-collections-api/11.1.0/eclipse-collections-api-11.1.0.jar:/home/michal/.m2/repository/org/apache/commons/commons-lang3/3.17.0/commons-lang3-3.17.0.jar:/home/michal/.m2/repository/org/neo4j/neo4j-kernel/5.26.4/neo4j-kernel-5.26.4.jar:/home/michal/.m2/repository/org/neo4j/neo4j-native/5.26.4/neo4j-native-5.26.4.jar:/home/michal/.m2/repository/net/java/dev/jna/jna/5.15.0/jna-5.15.0.jar:/home/michal/.m2/repository/org/neo4j/neo4j-graphdb-api/5.26.4/neo4j-graphdb-api-5.26.4.jar:/home/michal/.m2/repository/org/neo4j/neo4j-import-api/5.26.4/neo4j-import-api-5.26.4.jar:/home/michal/.m2/repository/org/neo4j/neo4j-token-api/5.26.4/neo4j-token-api-5.26.4.jar:/home/michal/.m2/repository/org/neo4j/neo4j-kernel-api/5.26.4/neo4j-kernel-api-5.26.4.jar:/home/michal/.m2/repository/org/neo4j/neo4j-monitoring/5.26.4/neo4j-monitoring-5.26.4.jar:/home/michal/.m2/repository/org/neo4j/neo4j-diagnostics/5.26.4/neo4j-diagnostics-5.26.4.jar:/home/michal/.m2/repository/org/neo4j/neo4j-storage-engine-util/5.26.4/neo4j-storage-engine-util-5.26.4.jar:/home/michal/.m2/repository/org/neo4j/neo4j-common/5.26.4/neo4j-common-5.26.4.jar:/home/michal/.m2/repository/org/neo4j/neo4j-gql-status/5.26.4/neo4j-gql-status-5.26.4.jar:/home/michal/.m2/repository/org/neo4j/neo4j-values/5.26.4/neo4j-values-5.26.4.jar:/home/michal/.m2/repository/org/neo4j/neo4j-unsafe/5.26.4/neo4j-unsafe-5.26.4.jar:/home/michal/.m2/repository/org/neo4j/neo4j-collections/5.26.4/neo4j-collections-5.26.4.jar:/home/michal/.m2/repository/com/github/ben-manes/caffeine/caffeine/3.1.8/caffeine-3.1.8.jar:/home/michal/.m2/repository/org/neo4j/neo4j-io/5.26.4/neo4j-io-5.26.4.jar:/home/michal/.m2/repository/org/neo4j/neo4j-concurrent/5.26.4/neo4j-concurrent-5.26.4.jar:/home/michal/.m2/repository/org/neo4j/neo4j-logging/5.26.4/neo4j-logging-5.26.4.jar:/home/michal/.m2/repository/org/codehaus/jettison/jettison/1.5.4/jettison-1.5.4.jar:/home/michal/.m2/repository/org/apache/logging/log4j/log4j-core/2.20.0/log4j-core-2.20.0.jar:/home/michal/.m2/repository/org/apache/logging/log4j/log4j-layout-template-json/2.20.0/log4j-layout-template-json-2.20.0.jar:/home/michal/.m2/repository/org/neo4j/neo4j-configuration/5.26.4/neo4j-configuration-5.26.4.jar:/home/michal/.m2/repository/com/github/seancfoley/ipaddress/5.5.1/ipaddress-5.5.1.jar:/home/michal/.m2/repository/org/neo4j/neo4j-layout/5.26.4/neo4j-layout-5.26.4.jar:/home/michal/.m2/repository/org/neo4j/neo4j-index/5.26.4/neo4j-index-5.26.4.jar:/home/michal/.m2/repository/org/neo4j/neo4j-spatial-index/5.26.4/neo4j-spatial-index-5.26.4.jar:/home/michal/.m2/repository/org/neo4j/neo4j-id-generator/5.26.4/neo4j-id-generator-5.26.4.jar:/home/michal/.m2/repository/org/neo4j/neo4j-wal/5.26.4/neo4j-wal-5.26.4.jar:/home/michal/.m2/repository/org/neo4j/neo4j-import-util/5.26.4/neo4j-import-util-5.26.4.jar:/home/michal/.m2/repository/org/neo4j/neo4j-csv/5.26.4/neo4j-csv-5.26.4.jar:/home/michal/.m2/repository/blue/strategic/parquet/parquet-floor/1.47/parquet-floor-1.47.jar:/home/michal/.m2/repository/org/apache/parquet/parquet-column/1.14.3/parquet-column-1.14.3.jar:/home/michal/.m2/repository/org/apache/parquet/parquet-common/1.14.3/parquet-common-1.14.3.jar:/home/michal/.m2/repository/org/apache/parquet/parquet-encoding/1.14.3/parquet-encoding-1.14.3.jar:/home/michal/.m2/repository/org/apache/parquet/parquet-hadoop/1.14.3/parquet-hadoop-1.14.3.jar:/home/michal/.m2/repository/org/apache/parquet/parquet-format-structures/1.14.3/parquet-format-structures-1.14.3.jar:/home/michal/.m2/repository/javax/annotation/javax.annotation-api/1.3.2/javax.annotation-api-1.3.2.jar:/home/michal/.m2/repository/org/apache/parquet/parquet-jackson/1.14.3/parquet-jackson-1.14.3.jar:/home/michal/.m2/repository/com/fasterxml/jackson/datatype/jackson-datatype-jdk8/2.17.0/jackson-datatype-jdk8-2.17.0.jar:/home/michal/.m2/repository/org/xerial/snappy/snappy-java/1.1.10.5/snappy-java-1.1.10.5.jar:/home/michal/.m2/repository/io/airlift/aircompressor/0.27/aircompressor-0.27.jar:/home/michal/.m2/repository/org/neo4j/neo4j-cloud/5.26.4/neo4j-cloud-5.26.4.jar:/home/michal/.m2/repository/org/jctools/jctools-core/4.0.5/jctools-core-4.0.5.jar:/home/michal/.m2/repository/org/neo4j/neo4j-fabric/5.26.4/neo4j-fabric-5.26.4.jar:/home/michal/.m2/repository/io/projectreactor/reactor-core/3.6.10/reactor-core-3.6.10.jar:/home/michal/.m2/repository/org/neo4j/neo4j-front-end/5.26.4/neo4j-front-end-5.26.4.jar:/home/michal/.m2/repository/org/neo4j/neo4j-expressions/5.26.4/neo4j-expressions-5.26.4.jar:/home/michal/.m2/repository/org/neo4j/neo4j-notifications/5.26.4/neo4j-notifications-5.26.4.jar:/home/michal/.m2/repository/org/neo4j/cypher-parser-factory/5.26.4/cypher-parser-factory-5.26.4.jar:/home/michal/.m2/repository/org/neo4j/cypher-v5-ast-factory/5.26.4/cypher-v5-ast-factory-5.26.4.jar:/home/michal/.m2/repository/org/neo4j/cypher-v5-antlr-parser/5.26.4/cypher-v5-antlr-parser-5.26.4.jar:/home/michal/.m2/repository/org/antlr/antlr4-runtime/4.13.2/antlr4-runtime-4.13.2.jar:/home/michal/.m2/repository/org/neo4j/cypher-antlr-common/5.26.4/cypher-antlr-common-5.26.4.jar:/home/michal/.m2/repository/org/neo4j/cypher-v5-parser-listener/5.26.4/cypher-v5-parser-listener-5.26.4.jar:/home/michal/.m2/repository/org/neo4j/cypher-parser-common/5.26.4/cypher-parser-common-5.26.4.jar:/home/michal/.m2/repository/org/neo4j/cypher-antlr-ast-common/5.26.4/cypher-antlr-ast-common-5.26.4.jar:/home/michal/.m2/repository/org/neo4j/cypher-parser-ast-common/5.26.4/cypher-parser-ast-common-5.26.4.jar:/home/michal/.m2/repository/org/neo4j/cypher-v25-ast-factory/5.26.4/cypher-v25-ast-factory-5.26.4.jar:/home/michal/.m2/repository/org/neo4j/cypher-v25-antlr-parser/5.26.4/cypher-v25-antlr-parser-5.26.4.jar:/home/michal/.m2/repository/org/neo4j/cypher-v25-parser-listener/5.26.4/cypher-v25-parser-listener-5.26.4.jar:/home/michal/.m2/repository/org/neo4j/neo4j-cypher-macros/5.26.4/neo4j-cypher-macros-5.26.4.jar:/home/michal/.m2/repository/org/scala-lang/scala-reflect/2.13.11/scala-reflect-2.13.11.jar:/home/michal/.m2/repository/org/neo4j/neo4j-query-router/5.26.4/neo4j-query-router-5.26.4.jar:/home/michal/.m2/repository/org/neo4j/neo4j-procedure/5.26.4/neo4j-procedure-5.26.4.jar:/home/michal/.m2/repository/org/neo4j/neo4j-procedure-api/5.26.4/neo4j-procedure-api-5.26.4.jar:/home/michal/.m2/repository/org/neo4j/neo4j-codegen/5.26.4/neo4j-codegen-5.26.4.jar:/home/michal/.m2/repository/org/ow2/asm/asm/9.7.1/asm-9.7.1.jar:/home/michal/.m2/repository/org/ow2/asm/asm-util/9.7.1/asm-util-9.7.1.jar:/home/michal/.m2/repository/org/ow2/asm/asm-analysis/9.7.1/asm-analysis-9.7.1.jar:/home/michal/.m2/repository/org/ow2/asm/asm-tree/9.7.1/asm-tree-9.7.1.jar:/home/michal/.m2/repository/org/neo4j/neo4j-cypher-expression-evaluator/5.26.4/neo4j-cypher-expression-evaluator-5.26.4.jar:/home/michal/.m2/repository/org/neo4j/neo4j-ast/5.26.4/neo4j-ast-5.26.4.jar:/home/michal/.m2/repository/com/fasterxml/jackson/core/jackson-databind/2.18.0/jackson-databind-2.18.0.jar:/home/michal/.m2/repository/com/fasterxml/jackson/core/jackson-annotations/2.18.0/jackson-annotations-2.18.0.jar:/home/michal/.m2/repository/org/neo4j/neo4j-lucene-index/5.26.4/neo4j-lucene-index-5.26.4.jar:/home/michal/.m2/repository/org/neo4j/neo4j-resource/5.26.4/neo4j-resource-5.26.4.jar:/home/michal/.m2/repository/org/apache/lucene/lucene-analysis-common/9.11.1/lucene-analysis-common-9.11.1.jar:/home/michal/.m2/repository/org/apache/lucene/lucene-core/9.11.1/lucene-core-9.11.1.jar:/home/michal/.m2/repository/org/apache/lucene/lucene-queryparser/9.11.1/lucene-queryparser-9.11.1.jar:/home/michal/.m2/repository/org/apache/lucene/lucene-backward-codecs/9.11.1/lucene-backward-codecs-9.11.1.jar:/home/michal/.m2/repository/org/neo4j/neo4j-fulltext-index/5.26.4/neo4j-fulltext-index-5.26.4.jar:/home/michal/.m2/repository/org/neo4j/neo4j-graph-algo/5.26.4/neo4j-graph-algo-5.26.4.jar:/home/michal/.m2/repository/org/neo4j/neo4j-cypher-runtime-util/5.26.4/neo4j-cypher-runtime-util-5.26.4.jar:/home/michal/.m2/repository/org/neo4j/neo4j-cypher-logical-plans/5.26.4/neo4j-cypher-logical-plans-5.26.4.jar:/home/michal/.m2/repository/org/neo4j/neo4j-data-collector/5.26.4/neo4j-data-collector-5.26.4.jar:/home/michal/.m2/repository/org/neo4j/neo4j-rewriting/5.26.4/neo4j-rewriting-5.26.4.jar:/home/michal/.m2/repository/org/neo4j/neo4j-cypher/5.26.4/neo4j-cypher-5.26.4.jar:/home/michal/.m2/repository/org/scala-lang/scala-library/2.13.11/scala-library-2.13.11.jar:/home/michal/.m2/repository/org/neo4j/neo4j-cypher-physical-planning/5.26.4/neo4j-cypher-physical-planning-5.26.4.jar:/home/michal/.m2/repository/org/neo4j/neo4j-exceptions/5.26.4/neo4j-exceptions-5.26.4.jar:/home/michal/.m2/repository/org/neo4j/neo4j-util/5.26.4/neo4j-util-5.26.4.jar:/home/michal/.m2/repository/org/neo4j/neo4j-cypher-ast-factory/5.26.4/neo4j-cypher-ast-factory-5.26.4.jar:/home/michal/.m2/repository/org/neo4j/neo4j-cypher-javacc-parser/5.26.4/neo4j-cypher-javacc-parser-5.26.4.jar:/home/michal/.m2/repository/org/neo4j/cypher-ast-factory/5.26.4/cypher-ast-factory-5.26.4.jar:/home/michal/.m2/repository/org/neo4j/neo4j-cypher-config/5.26.4/neo4j-cypher-config-5.26.4.jar:/home/michal/.m2/repository/com/softwaremill/magnolia1_2/magnolia_2.13/1.1.8/magnolia_2.13-1.1.8.jar:/home/michal/.m2/repository/org/neo4j/neo4j-cypher-cache/5.26.4/neo4j-cypher-cache-5.26.4.jar:/home/michal/.m2/repository/org/neo4j/neo4j-cypher-planner/5.26.4/neo4j-cypher-planner-5.26.4.jar:/home/michal/.m2/repository/org/scala-lang/modules/scala-collection-contrib_2.13/0.3.0/scala-collection-contrib_2.13-0.3.0.jar:/home/michal/.m2/repository/org/neo4j/neo4j-cypher-ir/5.26.4/neo4j-cypher-ir-5.26.4.jar:/home/michal/.m2/repository/org/neo4j/neo4j-cypher-rendering/5.26.4/neo4j-cypher-rendering-5.26.4.jar:/home/michal/.m2/repository/org/neo4j/neo4j-cypher-planner-spi/5.26.4/neo4j-cypher-planner-spi-5.26.4.jar:/home/michal/.m2/repository/org/neo4j/neo4j-cypher-interpreted-runtime/5.26.4/neo4j-cypher-interpreted-runtime-5.26.4.jar:/home/michal/.m2/repository/org/neo4j/neo4j-cypher-slotted-runtime/5.26.4/neo4j-cypher-slotted-runtime-5.26.4.jar:/home/michal/.m2/repository/org/apache/shiro/shiro-core/2.0.1/shiro-core-2.0.1.jar:/home/michal/.m2/repository/org/apache/shiro/shiro-lang/2.0.1/shiro-lang-2.0.1.jar:/home/michal/.m2/repository/org/apache/shiro/shiro-cache/2.0.1/shiro-cache-2.0.1.jar:/home/michal/.m2/repository/org/apache/shiro/shiro-crypto-hash/2.0.1/shiro-crypto-hash-2.0.1.jar:/home/michal/.m2/repository/org/apache/shiro/shiro-crypto-core/2.0.1/shiro-crypto-core-2.0.1.jar:/home/michal/.m2/repository/org/apache/shiro/crypto/shiro-hashes-argon2/2.0.1/shiro-hashes-argon2-2.0.1.jar:/home/michal/.m2/repository/org/apache/shiro/crypto/shiro-hashes-bcrypt/2.0.1/shiro-hashes-bcrypt-2.0.1.jar:/home/michal/.m2/repository/org/apache/shiro/shiro-crypto-cipher/2.0.1/shiro-crypto-cipher-2.0.1.jar:/home/michal/.m2/repository/org/apache/shiro/shiro-config-core/2.0.1/shiro-config-core-2.0.1.jar:/home/michal/.m2/repository/org/apache/shiro/shiro-event/2.0.1/shiro-event-2.0.1.jar:/home/michal/.m2/repository/commons-codec/commons-codec/1.17.1/commons-codec-1.17.1.jar:/home/michal/.m2/repository/org/bitbucket/inkytonik/kiama/kiama_2.13/2.5.1/kiama_2.13-2.5.1.jar:/home/michal/.m2/repository/org/neo4j/neo4j-security/5.26.4/neo4j-security-5.26.4.jar:/home/michal/.m2/repository/org/neo4j/neo4j-command-line/5.26.4/neo4j-command-line-5.26.4.jar:/home/michal/.m2/repository/info/picocli/picocli/4.7.6/picocli-4.7.6.jar:/home/michal/.m2/repository/org/neo4j/neo4j-bolt/5.26.4/neo4j-bolt-5.26.4.jar:/home/michal/.m2/repository/org/neo4j/neo4j-ssl/5.26.4/neo4j-ssl-5.26.4.jar:/home/michal/.m2/repository/org/neo4j/server-api/5.26.4/server-api-5.26.4.jar:/home/michal/.m2/repository/jakarta/ws/rs/jakarta.ws.rs-api/2.1.6/jakarta.ws.rs-api-2.1.6.jar:/home/michal/.m2/repository/io/netty/netty-codec-http/4.1.118.Final/netty-codec-http-4.1.118.Final.jar:/home/michal/.m2/repository/io/netty/netty-common/4.1.118.Final/netty-common-4.1.118.Final.jar:/home/michal/.m2/repository/io/netty/netty-buffer/4.1.118.Final/netty-buffer-4.1.118.Final.jar:/home/michal/.m2/repository/io/netty/netty-transport/4.1.118.Final/netty-transport-4.1.118.Final.jar:/home/michal/.m2/repository/io/netty/netty-codec/4.1.118.Final/netty-codec-4.1.118.Final.jar:/home/michal/.m2/repository/io/netty/netty-transport-native-epoll/4.1.118.Final/netty-transport-native-epoll-4.1.118.Final-linux-x86_64.jar:/home/michal/.m2/repository/io/netty/netty-transport-native-unix-common/4.1.118.Final/netty-transport-native-unix-common-4.1.118.Final.jar:/home/michal/.m2/repository/io/netty/netty-transport-classes-epoll/4.1.118.Final/netty-transport-classes-epoll-4.1.118.Final.jar:/home/michal/.m2/repository/io/netty/netty-transport-native-epoll/4.1.118.Final/netty-transport-native-epoll-4.1.118.Final-linux-aarch_64.jar:/home/michal/.m2/repository/io/netty/netty-transport-native-kqueue/4.1.118.Final/netty-transport-native-kqueue-4.1.118.Final-osx-x86_64.jar:/home/michal/.m2/repository/io/netty/netty-transport-classes-kqueue/4.1.118.Final/netty-transport-classes-kqueue-4.1.118.Final.jar:/home/michal/.m2/repository/io/netty/netty-transport-native-kqueue/4.1.118.Final/netty-transport-native-kqueue-4.1.118.Final-osx-aarch_64.jar:/home/michal/.m2/repository/org/neo4j/neo4j-consistency-check/5.26.4/neo4j-consistency-check-5.26.4.jar:/home/michal/.m2/repository/org/neo4j/neo4j-record-storage-engine/5.26.4/neo4j-record-storage-engine-5.26.4.jar:/home/michal/.m2/repository/commons-io/commons-io/2.17.0/commons-io-2.17.0.jar:/home/michal/.m2/repository/org/neo4j/neo4j-dbms/5.26.4/neo4j-dbms-5.26.4.jar:/home/michal/.m2/repository/org/jprocesses/jProcesses/1.6.5/jProcesses-1.6.5.jar:/home/michal/.m2/repository/com/profesorfalken/WMI4Java/1.6.3/WMI4Java-1.6.3.jar:/home/michal/.m2/repository/com/profesorfalken/jPowerShell/3.0/jPowerShell-3.0.jar:/home/michal/.m2/repository/org/apache/commons/commons-compress/1.27.1/commons-compress-1.27.1.jar:/home/michal/.m2/repository/org/apache/commons/commons-text/1.12.0/commons-text-1.12.0.jar:/home/michal/.m2/repository/org/apache/commons/commons-configuration2/2.11.0/commons-configuration2-2.11.0.jar:/home/michal/.m2/repository/commons-logging/commons-logging/1.3.2/commons-logging-1.3.2.jar:/home/michal/.m2/repository/org/neo4j/licensing-proxy/zstd-proxy/5.26.4/zstd-proxy-5.26.4.jar:/home/michal/.m2/repository/com/github/luben/zstd-jni/1.5.6-6/zstd-jni-1.5.6-6.jar:/home/michal/.m2/repository/org/neo4j/neo4j-import-tool/5.26.4/neo4j-import-tool-5.26.4.jar:/home/michal/.m2/repository/org/neo4j/neo4j-schema/5.26.4/neo4j-schema-5.26.4.jar:/home/michal/.m2/repository/org/neo4j/neo4j-lock/5.26.4/neo4j-lock-5.26.4.jar:/home/michal/.m2/repository/org/neo4j/app/neo4j-server/5.26.4/neo4j-server-5.26.4.jar:/home/michal/.m2/repository/org/eclipse/jetty/jetty-server/12.0.16/jetty-server-12.0.16.jar:/home/michal/.m2/repository/org/eclipse/jetty/jetty-http/12.0.16/jetty-http-12.0.16.jar:/home/michal/.m2/repository/org/eclipse/jetty/jetty-util/12.0.16/jetty-util-12.0.16.jar:/home/michal/.m2/repository/org/eclipse/jetty/jetty-io/12.0.16/jetty-io-12.0.16.jar:/home/michal/.m2/repository/org/eclipse/jetty/http2/jetty-http2-server/12.0.16/jetty-http2-server-12.0.16.jar:/home/michal/.m2/repository/org/eclipse/jetty/http2/jetty-http2-common/12.0.16/jetty-http2-common-12.0.16.jar:/home/michal/.m2/repository/org/eclipse/jetty/http2/jetty-http2-hpack/12.0.16/jetty-http2-hpack-12.0.16.jar:/home/michal/.m2/repository/org/eclipse/jetty/jetty-alpn-server/12.0.16/jetty-alpn-server-12.0.16.jar:/home/michal/.m2/repository/org/eclipse/jetty/jetty-alpn-java-server/12.0.16/jetty-alpn-java-server-12.0.16.jar:/home/michal/.m2/repository/org/eclipse/jetty/ee8/jetty-ee8-webapp/12.0.16/jetty-ee8-webapp-12.0.16.jar:/home/michal/.m2/repository/org/eclipse/jetty/jetty-ee/12.0.16/jetty-ee-12.0.16.jar:/home/michal/.m2/repository/org/eclipse/jetty/jetty-xml/12.0.16/jetty-xml-12.0.16.jar:/home/michal/.m2/repository/org/eclipse/jetty/ee8/jetty-ee8-servlet/12.0.16/jetty-ee8-servlet-12.0.16.jar:/home/michal/.m2/repository/org/eclipse/jetty/ee8/jetty-ee8-nested/12.0.16/jetty-ee8-nested-12.0.16.jar:/home/michal/.m2/repository/org/eclipse/jetty/jetty-security/12.0.16/jetty-security-12.0.16.jar:/home/michal/.m2/repository/org/eclipse/jetty/jetty-session/12.0.16/jetty-session-12.0.16.jar:/home/michal/.m2/repository/org/eclipse/jetty/toolchain/jetty-servlet-api/4.0.6/jetty-servlet-api-4.0.6.jar:/home/michal/.m2/repository/org/eclipse/jetty/ee8/jetty-ee8-security/12.0.16/jetty-ee8-security-12.0.16.jar:/home/michal/.m2/repository/org/glassfish/jersey/inject/jersey-hk2/2.43/jersey-hk2-2.43.jar:/home/michal/.m2/repository/org/glassfish/jersey/core/jersey-common/2.43/jersey-common-2.43.jar:/home/michal/.m2/repository/jakarta/annotation/jakarta.annotation-api/1.3.5/jakarta.annotation-api-1.3.5.jar:/home/michal/.m2/repository/org/glassfish/hk2/external/jakarta.inject/2.6.1/jakarta.inject-2.6.1.jar:/home/michal/.m2/repository/org/glassfish/hk2/hk2-locator/2.6.1/hk2-locator-2.6.1.jar:/home/michal/.m2/repository/org/glassfish/hk2/hk2-api/2.6.1/hk2-api-2.6.1.jar:/home/michal/.m2/repository/org/glassfish/hk2/hk2-utils/2.6.1/hk2-utils-2.6.1.jar:/home/michal/.m2/repository/org/javassist/javassist/3.30.2-GA/javassist-3.30.2-GA.jar:/home/michal/.m2/repository/org/glassfish/jersey/containers/jersey-container-servlet/2.43/jersey-container-servlet-2.43.jar:/home/michal/.m2/repository/org/glassfish/jersey/containers/jersey-container-servlet-core/2.43/jersey-container-servlet-core-2.43.jar:/home/michal/.m2/repository/org/glassfish/jersey/core/jersey-server/2.43/jersey-server-2.43.jar:/home/michal/.m2/repository/org/glassfish/jersey/core/jersey-client/2.43/jersey-client-2.43.jar:/home/michal/.m2/repository/jakarta/validation/jakarta.validation-api/2.0.2/jakarta.validation-api-2.0.2.jar:/home/michal/.m2/repository/com/fasterxml/jackson/core/jackson-core/2.18.0/jackson-core-2.18.0.jar:/home/michal/.m2/repository/com/fasterxml/jackson/jaxrs/jackson-jaxrs-json-provider/2.18.0/jackson-jaxrs-json-provider-2.18.0.jar:/home/michal/.m2/repository/com/fasterxml/jackson/jaxrs/jackson-jaxrs-base/2.18.0/jackson-jaxrs-base-2.18.0.jar:/home/michal/.m2/repository/com/fasterxml/jackson/module/jackson-module-jaxb-annotations/2.18.0/jackson-module-jaxb-annotations-2.18.0.jar:/home/michal/.m2/repository/javax/xml/bind/jaxb-api/2.2.12/jaxb-api-2.2.12.jar:/home/michal/.m2/repository/org/glassfish/jaxb/jaxb-runtime/2.3.2/jaxb-runtime-2.3.2.jar:/home/michal/.m2/repository/org/glassfish/jaxb/txw2/2.3.2/txw2-2.3.2.jar:/home/michal/.m2/repository/com/sun/istack/istack-commons-runtime/3.0.8/istack-commons-runtime-3.0.8.jar:/home/michal/.m2/repository/org/jvnet/staxex/stax-ex/1.8.1/stax-ex-1.8.1.jar:/home/michal/.m2/repository/com/sun/xml/fastinfoset/FastInfoset/1.2.16/FastInfoset-1.2.16.jar:/home/michal/.m2/repository/jakarta/activation/jakarta.activation-api/1.2.1/jakarta.activation-api-1.2.1.jar:/home/michal/.m2/repository/jakarta/xml/bind/jakarta.xml.bind-api/2.3.2/jakarta.xml.bind-api-2.3.2.jar:/home/michal/.m2/repository/org/apache/arrow/flight-core/17.0.0/flight-core-17.0.0.jar:/home/michal/.m2/repository/org/apache/arrow/arrow-format/17.0.0/arrow-format-17.0.0.jar:/home/michal/.m2/repository/com/google/flatbuffers/flatbuffers-java/24.3.25/flatbuffers-java-24.3.25.jar:/home/michal/.m2/repository/org/apache/arrow/arrow-vector/17.0.0/arrow-vector-17.0.0.jar:/home/michal/.m2/repository/com/fasterxml/jackson/datatype/jackson-datatype-jsr310/2.17.1/jackson-datatype-jsr310-2.17.1.jar:/home/michal/.m2/repository/org/apache/arrow/arrow-memory-core/17.0.0/arrow-memory-core-17.0.0.jar:/home/michal/.m2/repository/org/apache/arrow/arrow-memory-netty/17.0.0/arrow-memory-netty-17.0.0.jar:/home/michal/.m2/repository/org/apache/arrow/arrow-memory-netty-buffer-patch/17.0.0/arrow-memory-netty-buffer-patch-17.0.0.jar:/home/michal/.m2/repository/com/google/guava/guava/33.2.1-jre/guava-33.2.1-jre.jar:/home/michal/.m2/repository/com/google/guava/failureaccess/1.0.2/failureaccess-1.0.2.jar:/home/michal/.m2/repository/com/google/guava/listenablefuture/9999.0-empty-to-avoid-conflict-with-guava/listenablefuture-9999.0-empty-to-avoid-conflict-with-guava.jar:/home/michal/.m2/repository/com/google/protobuf/protobuf-java/3.25.1/protobuf-java-3.25.1.jar:/home/michal/.m2/repository/com/google/protobuf/protobuf-java-util/3.25.1/protobuf-java-util-3.25.1.jar:/home/michal/.m2/repository/io/grpc/grpc-api/1.68.0/grpc-api-1.68.0.jar:/home/michal/.m2/repository/com/google/code/findbugs/jsr305/3.0.2/jsr305-3.0.2.jar:/home/michal/.m2/repository/io/grpc/grpc-context/1.68.0/grpc-context-1.68.0.jar:/home/michal/.m2/repository/io/grpc/grpc-core/1.68.0/grpc-core-1.68.0.jar:/home/michal/.m2/repository/com/google/code/gson/gson/2.11.0/gson-2.11.0.jar:/home/michal/.m2/repository/io/perfmark/perfmark-api/0.27.0/perfmark-api-0.27.0.jar:/home/michal/.m2/repository/io/grpc/grpc-netty/1.68.0/grpc-netty-1.68.0.jar:/home/michal/.m2/repository/io/netty/netty-handler-proxy/4.1.110.Final/netty-handler-proxy-4.1.110.Final.jar:/home/michal/.m2/repository/io/netty/netty-codec-socks/4.1.110.Final/netty-codec-socks-4.1.110.Final.jar:/home/michal/.m2/repository/io/grpc/grpc-util/1.68.0/grpc-util-1.68.0.jar:/home/michal/.m2/repository/org/codehaus/mojo/animal-sniffer-annotations/1.24/animal-sniffer-annotations-1.24.jar:/home/michal/.m2/repository/io/grpc/grpc-protobuf/1.68.0/grpc-protobuf-1.68.0.jar:/home/michal/.m2/repository/com/google/api/grpc/proto-google-common-protos/2.41.0/proto-google-common-protos-2.41.0.jar:/home/michal/.m2/repository/io/grpc/grpc-protobuf-lite/1.68.0/grpc-protobuf-lite-1.68.0.jar:/home/michal/.m2/repository/io/grpc/grpc-stub/1.68.0/grpc-stub-1.68.0.jar:/home/michal/.m2/repository/io/netty/netty-codec-http2/4.1.118.Final/netty-codec-http2-4.1.118.Final.jar:/home/michal/.m2/repository/org/neo4j/neo4j-capabilities/5.26.4/neo4j-capabilities-5.26.4.jar:/home/michal/.m2/repository/org/neo4j/neo4j-slf4j-provider/5.26.4/neo4j-slf4j-provider-5.26.4.jar:/home/michal/.m2/repository/org/slf4j/slf4j-api/2.0.9/slf4j-api-2.0.9.jar:/home/michal/.m2/repository/org/apache/logging/log4j/log4j-api/2.20.0/log4j-api-2.20.0.jar:/home/michal/.m2/repository/org/neo4j/neo4j-udc/5.26.4/neo4j-udc-5.26.4.jar:/home/michal/.m2/repository/org/neo4j/driver/neo4j-java-driver/5.26.0/neo4j-java-driver-5.26.0.jar:/home/michal/.m2/repository/org/reactivestreams/reactive-streams/1.0.4/reactive-streams-1.0.4.jar:/home/michal/.m2/repository/io/netty/netty-handler/4.1.114.Final/netty-handler-4.1.114.Final.jar:/home/michal/.m2/repository/io/netty/netty-resolver/4.1.114.Final/netty-resolver-4.1.114.Final.jar:/home/michal/.m2/repository/io/netty/netty-tcnative-classes/2.0.66.Final/netty-tcnative-classes-2.0.66.Final.jar:"/>
    <property name="sun.cpu.endian" value="little"/>
    <property name="user.home" value="/home/michal"/>
    <property name="user.language" value="en"/>
    <property name="java.specification.vendor" value="Oracle Corporation"/>
    <property name="java.version.date" value="2025-01-21"/>
    <property name="java.home" value="/home/linuxbrew/.linuxbrew/Cellar/openjdk/23.0.2/libexec"/>
    <property name="file.separator" value="/"/>
    <property name="basedir" value="/home/michal/magister/neo4j-custom-procedure"/>
    <property name="java.vm.compressedOopsMode" value="Zero based"/>
    <property name="line.separator" value="&#10;"/>
    <property name="java.specification.name" value="Java Platform API Specification"/>
    <property name="java.vm.specification.vendor" value="Oracle Corporation"/>
    <property name="surefire.real.class.path" value="/home/michal/magister/neo4j-custom-procedure/target/surefire/surefirebooter-20250404224831069_3.jar"/>
    <property name="sun.management.compiler" value="HotSpot 64-Bit Tiered Compilers"/>
    <property name="java.runtime.version" value="23.0.2"/>
    <property name="user.name" value="michal"/>
    <property name="stdout.encoding" value="UTF-8"/>
    <property name="path.separator" value=":"/>
    <property name="os.version" value="6.8.0-49-generic"/>
    <property name="java.runtime.name" value="OpenJDK Runtime Environment"/>
    <property name="file.encoding" value="UTF-8"/>
    <property name="java.vm.name" value="OpenJDK 64-Bit Server VM"/>
    <property name="java.vendor.version" value="Homebrew"/>
    <property name="localRepository" value="/home/michal/.m2/repository"/>
    <property name="java.vendor.url.bug" value="https://github.com/Homebrew/homebrew-core/issues"/>
    <property name="java.io.tmpdir" value="/tmp"/>
    <property name="java.version" value="23.0.2"/>
    <property name="user.dir" value="/home/michal/magister/neo4j-custom-procedure"/>
    <property name="os.arch" value="amd64"/>
    <property name="java.vm.specification.name" value="Java Virtual Machine Specification"/>
    <property name="native.encoding" value="UTF-8"/>
    <property name="java.library.path" value="/usr/java/packages/lib:/usr/lib64:/lib64:/lib:/usr/lib"/>
    <property name="java.vm.info" value="mixed mode, sharing"/>
    <property name="stderr.encoding" value="UTF-8"/>
    <property name="java.vendor" value="Homebrew"/>
    <property name="java.vm.version" value="23.0.2"/>
    <property name="sun.io.unicode.encoding" value="UnicodeLittle"/>
    <property name="java.class.version" value="67.0"/>
  </properties>
  <testcase name="testConvertPgToCypher" classname="com.example.MyProcedureTest" time="0.009">
    <failure message="Exception occurred during test execution: Unmatched closing &apos;)&apos; near index 14&#10;FOR\s*\((.*?)\))\s*IDENTIFIER\s*(.*?)\s*WITHIN\s*\((.*?\))\.&#10;              ^" type="junit.framework.AssertionFailedError"><![CDATA[junit.framework.AssertionFailedError: 
Exception occurred during test execution: Unmatched closing ')' near index 14
FOR\s*\((.*?)\))\s*IDENTIFIER\s*(.*?)\s*WITHIN\s*\((.*?\))\.
              ^
	at junit.framework.Assert.fail(Assert.java:47)
	at com.example.MyProcedureTest.testConvertPgToCypher(MyProcedureTest.java:58)
	at java.base/jdk.internal.reflect.DirectMethodHandleAccessor.invoke(DirectMethodHandleAccessor.java:103)
	at java.base/java.lang.reflect.Method.invoke(Method.java:580)
	at junit.framework.TestCase.runTest(TestCase.java:154)
	at junit.framework.TestCase.runBare(TestCase.java:127)
	at junit.framework.TestResult$1.protect(TestResult.java:106)
	at junit.framework.TestResult.runProtected(TestResult.java:124)
	at junit.framework.TestResult.run(TestResult.java:109)
	at junit.framework.TestCase.run(TestCase.java:118)
	at junit.framework.TestSuite.runTest(TestSuite.java:208)
	at junit.framework.TestSuite.run(TestSuite.java:203)
	at java.base/jdk.internal.reflect.DirectMethodHandleAccessor.invoke(DirectMethodHandleAccessor.java:103)
	at java.base/java.lang.reflect.Method.invoke(Method.java:580)
	at org.apache.maven.surefire.junit.JUnitTestSetExecutor.execute(JUnitTestSetExecutor.java:81)
	at org.apache.maven.surefire.junit.JUnit3Provider.executeTestSet(JUnit3Provider.java:131)
	at org.apache.maven.surefire.junit.JUnit3Provider.invoke(JUnit3Provider.java:93)
	at org.apache.maven.surefire.booter.ForkedBooter.runSuitesInProcess(ForkedBooter.java:385)
	at org.apache.maven.surefire.booter.ForkedBooter.execute(ForkedBooter.java:162)
	at org.apache.maven.surefire.booter.ForkedBooter.run(ForkedBooter.java:507)
	at org.apache.maven.surefire.booter.ForkedBooter.main(ForkedBooter.java:495)
]]></failure>
  </testcase>
</testsuite>